<?xml version="1.0" encoding="UTF-8"?>
<testsuite xmlns:xsi="http://www.w3.org/2001/XMLSchema-instance" xsi:noNamespaceSchemaLocation="https://maven.apache.org/surefire/maven-surefire-plugin/xsd/surefire-test-report-3.0.xsd" version="3.0" name="TestSuite" time="48.452" tests="5" errors="0" skipped="0" failures="1">
  <properties>
[...]
</properties>
  <testcase name="webElementsCheck" classname="Academy.ValidateTitle" time="1.916">
    <failure message="expected [FEATURED1 COURSES] but found [FEATURED COURSES]" type="java.lang.AssertionError"><![CDATA[java.lang.AssertionError: expected [FEATURED1 COURSES] but found [FEATURED COURSES]
	at Academy.ValidateTitle.webElementsCheck(ValidateTitle.java:39)
]]></failure>
    <system-out><![CDATA[[TestNG] [WARN] Ignoring duplicate listener : Academy.Listeners
]]></system-out>
    <system-err><![CDATA[Starting ChromeDriver 84.0.4147.30 (48b3e868b4cc0aa7e8149519690b6f6949e110a8-refs/branch-heads/4147@{#310}) on port 14440
Only local connectioSntsar tairnge  CharlomleoDrwiveedr .84.0
.4P1le4as7e. s3ee0  (h4tt8bps3e:8//6c8bhr4occme0daar7iev8e1r.4c9h51r96o9mi0ubm6.f6o9rg49/es1e1cu0ra8it-ry-ecfso/nsbirdanecrhat-hioenasd sf/4or1 4s7@ug{#ge31s0t}i)o nso no npo krtee 9p8i4ng7 
COhrnolmy elDorcivale rc sonanefctei.on
s are allowed.
Please see https://chromedriver.chromium.org/security-considerations for suggestions on keeping ChromeDriver safe.
Starting ChromeDriver 84.0.4147.30 (48b3e868b4cc0aa7e8149519690b6f6949e110a8-refs/branch-heads/4147@{#310}) on port 45492
Only local coCnnherctoimonesD arrei vealr lowawesd s.tar
Pteled asseu csceees shftutllpys:.//
chromedriverC.hcrohmreoDmriiuvemr. owarsg s/tsaecurity-considerations for suggestiorntesd  osunc cekssefepulilnyg .C
hromeDriver safe.
ChromeDriver was started successfully.
Aug 14, 2020 4:31:35 PM org.openqa.selenium.remote.ProtocolHandshake createSession
INFO: Detected dialect: W3C
Aug 14, 2020 4:31:40 PM org.openqa.selenium.remote.ProtocolHandshake createSession
INFO: Detected dialect: W3C
Aug 14, 2020 4:31:40 PM org.openqa.selenium.remote.ProtocolHandshake createSession
INFO: Detected dialect: W3C
]]></system-err>
  </testcase>
  <testcase name="windowSwitch" classname="Academy.WindowsSwitch" time="7.626">
    <system-out><![CDATA[webElementsCheck
class org.testng.internal.TestResult
ChromeDriver: chrome on WINDOWS (0a69cbffdab57a56b8f4c67b36138df2)
C:\Users\841233\Selenium\E2EProject\reports\webElementsCheck.png
Operations Planning & Performance
Crews Manual
Crews Manual
]]></system-out>
  </testcase>
  <testcase name="basPageNavigation[Test123@gmail.com, Test](1)" classname="Academy.HomePage" time="10.85"/>
  <testcase name="basPageNavigation[Test12345@gmail.com, 2345](2)" classname="Academy.HomePage" time="3.503"/>
  <testcase name="feature[Login to Application](1)" classname="CucumberOptions.TestRunner" time="21.715">
    <system-out><![CDATA[User is sucssefully logged in
User is sucssefully logged in
]]></system-out>
    <system-err><![CDATA[Starting ChromeDriver 84.0.4147.30 (48b3e868b4cc0aa7e8149519690b6f6949e110a8-refs/branch-heads/4147@{#310}) on port 41697
Only local connections are allowed.
Please see https://chromedriver.chromium.org/security-considerations for suggestions on keeping ChromeDriver safe.
ChromeDriver was started successfully.
Aug 14, 2020 4:31:58 PM org.openqa.selenium.remote.ProtocolHandshake createSession
INFO: Detected dialect: W3C
Starting ChromeDriver 84.0.4147.30 (48b3e868b4cc0aa7e8149519690b6f6949e110a8-refs/branch-heads/4147@{#310}) on port 38275
Only local connections are allowed.
Please see https://chromedriver.chromium.org/security-considerations for suggestions on keeping ChromeDriver safe.
ChromeDriver was started successfully.
Aug 14, 2020 4:32:09 PM org.openqa.selenium.remote.ProtocolHandshake createSession
INFO: Detected dialect: W3C
]]></system-err>
  </testcase>
</testsuite>