<?xml version="1.0" encoding="UTF-8"?>
<testng-results skipped="0" failed="0" ignored="0" total="1" passed="1">
  <reporter-output>
  </reporter-output>
  <suite name="Suite" duration-ms="23722" started-at="2020-08-14T15:17:57 CDT" finished-at="2020-08-14T15:18:20 CDT">
    <groups>
      <group name="cucumber">
        <method signature="AbstractTestNGCucumberTests.feature(cucumber.api.testng.CucumberFeatureWrapper)[pri:0, instance:CucumberOptions.TestRunner@7857fe2]" name="feature" class="cucumber.api.testng.AbstractTestNGCucumberTests"/>
      </group> <!-- cucumber -->
    </groups>
    <test name="Academy.ValidateTitle" duration-ms="23722" started-at="2020-08-14T15:17:57 CDT" finished-at="2020-08-14T15:18:20 CDT">
      <class name="CucumberOptions.TestRunner">
        <test-method status="PASS" signature="setUpClass()[pri:0, instance:CucumberOptions.TestRunner@7857fe2]" name="setUpClass" is-config="true" duration-ms="215" started-at="2020-08-14T15:17:57 CDT" finished-at="2020-08-14T15:17:57 CDT">
          <reporter-output>
          </reporter-output>
        </test-method> <!-- setUpClass -->
        <test-method status="PASS" signature="feature(cucumber.api.testng.CucumberFeatureWrapper)[pri:0, instance:CucumberOptions.TestRunner@7857fe2]" name="feature" duration-ms="23376" started-at="2020-08-14T15:17:57 CDT" description="Runs Cucumber Feature" data-provider="features" finished-at="2020-08-14T15:18:20 CDT">
          <params>
            <param index="0">
              <value>
                <![CDATA[Login to Application]]>
              </value>
            </param>
          </params>
          <reporter-output>
          </reporter-output>
        </test-method> <!-- feature -->
        <test-method status="PASS" signature="tearDownClass()[pri:0, instance:CucumberOptions.TestRunner@7857fe2]" name="tearDownClass" is-config="true" duration-ms="3" started-at="2020-08-14T15:18:20 CDT" finished-at="2020-08-14T15:18:20 CDT">
          <reporter-output>
          </reporter-output>
        </test-method> <!-- tearDownClass -->
      </class> <!-- CucumberOptions.TestRunner -->
    </test> <!-- Academy.ValidateTitle -->
  </suite> <!-- Suite -->
</testng-results>
